0 info it worked if it ends with ok
1 verbose cli [ 'C:\\Program Files\\nodejs\\node.exe',
1 verbose cli   'C:\\Program Files\\nodejs\\node_modules\\npm\\bin\\npm-cli.js',
1 verbose cli   'run',
1 verbose cli   'build' ]
2 info using npm@3.3.6
3 info using node@v5.0.0
4 verbose run-script [ 'prebuild', 'build', 'postbuild' ]
5 info lifecycle jekyll-instagram-portfolio-theme@1.0.0~prebuild: jekyll-instagram-portfolio-theme@1.0.0
6 silly lifecycle jekyll-instagram-portfolio-theme@1.0.0~prebuild: no script for prebuild, continuing
7 info lifecycle jekyll-instagram-portfolio-theme@1.0.0~build: jekyll-instagram-portfolio-theme@1.0.0
8 verbose lifecycle jekyll-instagram-portfolio-theme@1.0.0~build: unsafe-perm in lifecycle true
9 verbose lifecycle jekyll-instagram-portfolio-theme@1.0.0~build: PATH: C:\Program Files\nodejs\node_modules\npm\bin\node-gyp-bin;c:\Local\Programming\Web\furniby.github.io\node_modules\.bin;C:\Users\Влад\bin;C:\Program Files\Git\mingw64\bin;C:\Program Files\Git\usr\local\bin;C:\Program Files\Git\usr\bin;C:\Program Files\Git\usr\bin;C:\Program Files\Git\mingw64\bin;C:\Program Files\Git\usr\bin;C:\Users\Влад\bin;C:\Program Files\NVIDIA GPU Computing Toolkit\cuDNN\bin;C:\Program Files\NVIDIA GPU Computing Toolkit\CUDA\v8.0\lib\x64;C:\Program Files\NVIDIA GPU Computing Toolkit\CUDA\v8.0\bin;C:\Program Files\NVIDIA GPU Computing Toolkit\CUDA\v8.0\libnvvp;C:\windows;C:\windows\system32;C:\windows\system32\Wbem;C:\Perl64\site\bin;C:\Perl64\bin;C:\Oraclexe\Middleware\Oracle_FRHome1\bin;C:\oraclexe\app\oracle\product\11.2.0\server\bin;C:\PROGRAM FILES\Microsoft MPI\Bin;C:\PROGRAM FILES (X86)\NVIDIA CORPORATION\PHYSX\COMMON;C:\Program Files (x86)\Common Files\Intel\Shared Files\cpp\BIN\INTEL64;C:\PROGRAM FILES (X86)\INTEL\ICLS CLIENT;C:\PROGRAM FILES\INTEL\ICLS CLIENT;C:\windows\SYSTEM32;C:\windows;C:\windows\SYSTEM32\WBEM;C:\windows\SYSTEM32\WINDOWSPOWERSHELL\V1.0;C:\PROGRAM FILES (X86)\MICROSOFT SQL SERVER\90\TOOLS\BINN;C:\PROGRAM FILES (X86)\HEWLETT-PACKARD\HP PROTECTTOOLS SECURITY MANAGER\BIN;C:\PROGRAM FILES (X86)\MICROCHIP\MPLAB C32 SUITE\BIN;C:\PROGRAM FILES\TORTOISEGIT\BIN;C:\PROGRAM FILES\INTEL\INTEL(R) MANAGEMENT ENGINE COMPONENTS\DAL;C:\PROGRAM FILES\INTEL\INTEL(R) MANAGEMENT ENGINE COMPONENTS\IPT;C:\PROGRAM FILES (X86)\INTEL\INTEL(R) MANAGEMENT ENGINE COMPONENTS\DAL;C:\Program Files\Python35;C:\Program Files\Python35\Scripts;C:\Local\Programming\CPP_Libraries\OpenCV\build_x64_12\install\x64\vc12\bin;C:\Program Files (x86)\Midnight Commander;C:\Local\Programming\CPP_Libraries\tbb2017_20170226oss\bin\intel64\vc12;C:\Program Files (x86)\Skype\Phone;C:\Program Files\MATLAB\R2015b\runtime\win64;C:\Program Files\MATLAB\R2015b\bin;C:\Program Files\MATLAB\R2015b\polyspace\bin;C:\Program Files\MATLAB\MATLAB Runtime\v90\runtime\win64;C:\Program Files (x86)\NVIDIA Corporation\PhysX\Common;C:\Program Files\CMake\bin;C:\Program Files\Git\usr\bin;C:\Program Files\Sublime Text 3;C:\Perl64\site\bin;C:\Perl64\bin;C:\Program Files (x86)\Git\bin;C:\Oraclexe\Middleware\Oracle_FRHome1\bin;C:\oraclexe\app\oracle\product\11.2.0\server\bin;C:\PROGRAM FILES\Microsoft MPI\Bin;C:\ProgramData\Oracle\Java\javapath;C:\PROGRAM FILES (X86)\NVIDIA CORPORATION\PHYSX\COMMON;C:\Program Files (x86)\Common Files\Intel\Shared Files\cpp\BIN\INTEL64;C:\PROGRAM FILES (X86)\INTEL\ICLS CLIENT;C:\PROGRAM FILES\INTEL\ICLS CLIENT;C:\windows\SYSTEM32;C:\windows;C:\windows\SYSTEM32\WBEM;C:\windows\SYSTEM32\WINDOWSPOWERSHELL\V1.0;C:\PROGRAM FILES (X86)\MICROSOFT SQL SERVER\90\TOOLS\BINN;C:\PROGRAM FILES (X86)\HEWLETT-PACKARD\HP PROTECTTOOLS SECURITY MANAGER\BIN;C:\PROGRAM FILES (X86)\MICROCHIP\MPLAB C32 SUITE\BIN;C:\PROGRAM FILES\TORTOISEGIT\BIN;C:\PROGRAM FILES\INTEL\INTEL(R) MANAGEMENT ENGINE COMPONENTS\DAL;C:\PROGRAM FILES\INTEL\INTEL(R) MANAGEMENT ENGINE COMPONENTS\IPT;C:\PROGRAM FILES (X86)\INTEL\INTEL(R) MANAGEMENT ENGINE COMPONENTS\DAL;C:\Local\Programming\Projects\Hackathons\AI_Hackothon2017\openpose\include;C:\Program Files (x86)\Microsoft Visual Studio 14.0\VC\bin\amd64;C:\Program Files\Git\usr\bin\vendor_perl;C:\Program Files\Git\usr\bin\core_perl
10 verbose lifecycle jekyll-instagram-portfolio-theme@1.0.0~build: CWD: c:\Local\Programming\Web\furniby.github.io
11 silly lifecycle jekyll-instagram-portfolio-theme@1.0.0~build: Args: [ '/d /s /c', 'npm run css:build' ]
12 silly lifecycle jekyll-instagram-portfolio-theme@1.0.0~build: Returned: code: 1  signal: null
13 info lifecycle jekyll-instagram-portfolio-theme@1.0.0~build: Failed to exec build script
14 verbose stack Error: jekyll-instagram-portfolio-theme@1.0.0 build: `npm run css:build`
14 verbose stack Exit status 1
14 verbose stack     at EventEmitter.<anonymous> (C:\Program Files\nodejs\node_modules\npm\lib\utils\lifecycle.js:233:16)
14 verbose stack     at emitTwo (events.js:87:13)
14 verbose stack     at EventEmitter.emit (events.js:172:7)
14 verbose stack     at ChildProcess.<anonymous> (C:\Program Files\nodejs\node_modules\npm\lib\utils\spawn.js:24:14)
14 verbose stack     at emitTwo (events.js:87:13)
14 verbose stack     at ChildProcess.emit (events.js:172:7)
14 verbose stack     at maybeClose (internal/child_process.js:818:16)
14 verbose stack     at Process.ChildProcess._handle.onexit (internal/child_process.js:211:5)
15 verbose pkgid jekyll-instagram-portfolio-theme@1.0.0
16 verbose cwd c:\Local\Programming\Web\furniby.github.io
17 error Windows_NT 6.1.7601
18 error argv "C:\\Program Files\\nodejs\\node.exe" "C:\\Program Files\\nodejs\\node_modules\\npm\\bin\\npm-cli.js" "run" "build"
19 error node v5.0.0
20 error npm  v3.3.6
21 error code ELIFECYCLE
22 error jekyll-instagram-portfolio-theme@1.0.0 build: `npm run css:build`
22 error Exit status 1
23 error Failed at the jekyll-instagram-portfolio-theme@1.0.0 build script 'npm run css:build'.
23 error This is most likely a problem with the jekyll-instagram-portfolio-theme package,
23 error not with npm itself.
23 error Tell the author that this fails on your system:
23 error     npm run css:build
23 error You can get their info via:
23 error     npm owner ls jekyll-instagram-portfolio-theme
23 error There is likely additional logging output above.
24 verbose exit [ 1, true ]
